[debug] [2020-12-29T12:38:26.587Z] ----------------------------------------------------------------------
[debug] [2020-12-29T12:38:26.589Z] Command:       C:\Program Files\nodejs\node.exe C:\Users\Knew\AppData\Roaming\npm\node_modules\firebase-tools\lib\bin\firebase.js init
[debug] [2020-12-29T12:38:26.589Z] CLI Version:   9.1.0
[debug] [2020-12-29T12:38:26.590Z] Platform:      win32
[debug] [2020-12-29T12:38:26.590Z] Node Version:  v14.15.3
[debug] [2020-12-29T12:38:26.591Z] Time:          Tue Dec 29 2020 19:38:26 GMT+0700 (Indochina Time)
[debug] [2020-12-29T12:38:26.592Z] ----------------------------------------------------------------------
[debug] [2020-12-29T12:38:26.592Z] 
[debug] [2020-12-29T12:38:26.598Z] > command requires scopes: ["email","openid","https://www.googleapis.com/auth/cloudplatformprojects.readonly","https://www.googleapis.com/auth/firebase","https://www.googleapis.com/auth/cloud-platform"]
[debug] [2020-12-29T12:38:26.599Z] > authorizing via signed-in user
[info] 
     ######## #### ########  ######## ########     ###     ######  ########
     ##        ##  ##     ## ##       ##     ##  ##   ##  ##       ##
     ######    ##  ########  ######   ########  #########  ######  ######
     ##        ##  ##    ##  ##       ##     ## ##     ##       ## ##
     ##       #### ##     ## ######## ########  ##     ##  ######  ########

You're about to initialize a Firebase project in this directory:

  C:\NodejsPrj\0-React\counter-app

Before we get started, keep in mind:

  * You are currently outside your home directory

[debug] [2020-12-29T12:43:00.109Z] ----------------------------------------------------------------------
[debug] [2020-12-29T12:43:00.111Z] Command:       C:\Program Files\nodejs\node.exe C:\Users\Knew\AppData\Roaming\npm\node_modules\firebase-tools\lib\bin\firebase.js init
[debug] [2020-12-29T12:43:00.111Z] CLI Version:   9.1.0
[debug] [2020-12-29T12:43:00.111Z] Platform:      win32
[debug] [2020-12-29T12:43:00.111Z] Node Version:  v14.15.3
[debug] [2020-12-29T12:43:00.113Z] Time:          Tue Dec 29 2020 19:43:00 GMT+0700 (Indochina Time)
[debug] [2020-12-29T12:43:00.113Z] ----------------------------------------------------------------------
[debug] [2020-12-29T12:43:00.113Z] 
[debug] [2020-12-29T12:43:00.120Z] > command requires scopes: ["email","openid","https://www.googleapis.com/auth/cloudplatformprojects.readonly","https://www.googleapis.com/auth/firebase","https://www.googleapis.com/auth/cloud-platform"]
[debug] [2020-12-29T12:43:00.121Z] > authorizing via signed-in user
[info] 
     ######## #### ########  ######## ########     ###     ######  ########
     ##        ##  ##     ## ##       ##     ##  ##   ##  ##       ##
     ######    ##  ########  ######   ########  #########  ######  ######
     ##        ##  ##    ##  ##       ##     ## ##     ##       ## ##
     ##       #### ##     ## ######## ########  ##     ##  ######  ########

You're about to initialize a Firebase project in this directory:

  C:\NodejsPrj\0-React\counter-app

Before we get started, keep in mind:

  * You are currently outside your home directory

[info] 
=== Project Setup
[info] 
[info] First, let's associate this project directory with a Firebase project.
[info] You can create multiple project aliases by running firebase use --add, 
[info] but for now we'll just set up a default project.
[info] 
[debug] [2020-12-29T12:44:39.772Z] > refreshing access token with scopes: ["email","https://www.googleapis.com/auth/cloud-platform","https://www.googleapis.com/auth/cloudplatformprojects.readonly","https://www.googleapis.com/auth/firebase","openid"]
[debug] [2020-12-29T12:44:39.773Z] >>> HTTP REQUEST POST https://www.googleapis.com/oauth2/v3/token  
 <request body omitted>
[debug] [2020-12-29T12:44:40.107Z] <<< HTTP RESPONSE 200 {"date":"Tue, 29 Dec 2020 12:44:41 GMT","pragma":"no-cache","expires":"Mon, 01 Jan 1990 00:00:00 GMT","cache-control":"no-cache, no-store, max-age=0, must-revalidate","content-type":"application/json; charset=utf-8","vary":"X-Origin, Referer, Origin,Accept-Encoding","server":"scaffolding on HTTPServer2","x-xss-protection":"0","x-frame-options":"SAMEORIGIN","x-content-type-options":"nosniff","alt-svc":"h3-29=\":443\"; ma=2592000,h3-T051=\":443\"; ma=2592000,h3-Q050=\":443\"; ma=2592000,h3-Q046=\":443\"; ma=2592000,h3-Q043=\":443\"; ma=2592000,quic=\":443\"; ma=2592000; v=\"46,43\"","accept-ranges":"none","transfer-encoding":"chunked"}
[debug] [2020-12-29T12:44:40.115Z] >>> HTTP REQUEST GET https://firebase.googleapis.com/v1beta1/projects?pageSize=100  
 
[debug] [2020-12-29T12:44:40.740Z] <<< HTTP RESPONSE 200 {"content-type":"application/json; charset=UTF-8","vary":"X-Origin, Referer, Origin,Accept-Encoding","date":"Tue, 29 Dec 2020 12:44:41 GMT","server":"ESF","cache-control":"private","x-xss-protection":"0","x-frame-options":"SAMEORIGIN","x-content-type-options":"nosniff","alt-svc":"h3-29=\":443\"; ma=2592000,h3-T051=\":443\"; ma=2592000,h3-Q050=\":443\"; ma=2592000,h3-Q046=\":443\"; ma=2592000,h3-Q043=\":443\"; ma=2592000,quic=\":443\"; ma=2592000; v=\"46,43\"","accept-ranges":"none","transfer-encoding":"chunked"}
[info] i  Using project my-react-01 (My React 01) 
[info] 
=== Hosting Setup
[info] 
[info] Your public directory is the folder (relative to your project directory) that
[info] will contain Hosting assets to be uploaded with firebase deploy. If you
[info] have a build process for your assets, use your build's output directory.
[info] 
[debug] [2020-12-29T12:53:04.529Z] >>> [apiv2][query] GET https://www.gstatic.com/firebasejs/releases.json [none]
[debug] [2020-12-29T12:53:04.853Z] <<< [apiv2][status] GET https://www.gstatic.com/firebasejs/releases.json 200
[debug] [2020-12-29T12:53:04.853Z] <<< [apiv2][body] GET https://www.gstatic.com/firebasejs/releases.json {"current":{"version":"8.2.1","browserURL":"https://www.gstatic.com/firebasejs/8.2.1/firebase.js","packageURL":"https://www.gstatic.com/firebasejs/8.2.1/firebase.tgz"},"live":{"version":"8.2","browserURL":"https://www.gstatic.com/firebasejs/live/8.2/firebase.js","packageURL":"https://www.gstatic.com/firebasejs/live/8.2/firebase.tgz"},"components":{"analytics":"https://www.gstatic.com/firebasejs/8.2.1/firebase-analytics.js","app":"https://www.gstatic.com/firebasejs/8.2.1/firebase-app.js","auth":"https://www.gstatic.com/firebasejs/8.2.1/firebase-auth.js","database":"https://www.gstatic.com/firebasejs/8.2.1/firebase-database.js","firestore":"https://www.gstatic.com/firebasejs/8.2.1/firebase-firestore.js","functions":"https://www.gstatic.com/firebasejs/8.2.1/firebase-functions.js","installations":"https://www.gstatic.com/firebasejs/8.2.1/firebase-installations.js","messaging":"https://www.gstatic.com/firebasejs/8.2.1/firebase-messaging.js","storage":"https://www.gstatic.com/firebasejs/8.2.1/firebase-storage.js","performance":"https://www.gstatic.com/firebasejs/8.2.1/firebase-performance.js","remote-config":"https://www.gstatic.com/firebasejs/8.2.1/firebase-remote-config.js","firestore.memory":"https://www.gstatic.com/firebasejs/8.2.1/firebase-firestore.memory.js"}}
[info] i  Skipping write of build/index.html 
[info] 
[info] i  Detected a .git folder at C:\NodejsPrj\0-React\counter-app 
[info] i  Authorizing with GitHub to upload your service account to a GitHub repository's secrets store. 
[info] 
[info] Visit this URL on this device to log in:
[info] https://github.com/login/oauth/authorize?client_id=89cf50f02ac6aaed3484&state=14999175&redirect_uri=http%3A%2F%2Flocalhost%3A9005&scope=read%3Auser%20repo%20public_repo
[info] 
[info] Waiting for authentication...
[debug] [2020-12-29T12:55:31.282Z] >>> HTTP REQUEST POST https://github.com/login/oauth/access_token  
 {"client_id":"89cf50f02ac6aaed3484","client_secret":"3330d14abc895d9a74d5f17cd7a00711fa2c5bf0","code":"826970d486f47622e07d","redirect_uri":"http://localhost:9005","state":"14999175"}
[debug] [2020-12-29T12:55:31.828Z] <<< HTTP RESPONSE 200 {"date":"Tue, 29 Dec 2020 12:55:33 GMT","content-type":"application/json; charset=utf-8","transfer-encoding":"chunked","server":"GitHub.com","status":"200 OK","vary":"X-PJAX, Accept-Encoding, Accept, X-Requested-With, Accept-Encoding","etag":"W/\"e4ed1e8598b9ab42c8c317d3c4fd7d1b\"","cache-control":"max-age=0, private, must-revalidate","strict-transport-security":"max-age=31536000; includeSubdomains; preload","x-frame-options":"deny","x-content-type-options":"nosniff","x-xss-protection":"1; mode=block","referrer-policy":"origin-when-cross-origin, strict-origin-when-cross-origin","expect-ct":"max-age=2592000, report-uri=\"https://api.github.com/_private/browser/errors\"","content-security-policy":"default-src 'none'; base-uri 'self'; block-all-mixed-content; connect-src 'self' uploads.github.com www.githubstatus.com collector.githubapp.com api.github.com github-cloud.s3.amazonaws.com github-production-repository-file-5c1aeb.s3.amazonaws.com github-production-upload-manifest-file-7fdce7.s3.amazonaws.com github-production-user-asset-6210df.s3.amazonaws.com cdn.optimizely.com logx.optimizely.com/v1/events wss://alive.github.com; font-src github.githubassets.com; form-action 'self' github.com gist.github.com; frame-ancestors 'none'; frame-src render.githubusercontent.com; img-src 'self' data: github.githubassets.com identicons.github.com collector.githubapp.com github-cloud.s3.amazonaws.com *.githubusercontent.com; manifest-src 'self'; media-src 'none'; script-src github.githubassets.com; style-src 'unsafe-inline' github.githubassets.com; worker-src github.com/socket-worker-5029ae85.js gist.github.com/socket-worker-5029ae85.js","x-github-request-id":"1366:2CCD:2B72F1A:396A63B:5FEB2744"}
[debug] [2020-12-29T12:55:31.829Z] >>> [apiv2][query] GET https://api.github.com/user [none]
[debug] [2020-12-29T12:55:32.532Z] <<< [apiv2][status] GET https://api.github.com/user 200
[debug] [2020-12-29T12:55:32.532Z] <<< [apiv2][body] GET https://api.github.com/user {"login":"apisart","id":16066361,"node_id":"MDQ6VXNlcjE2MDY2MzYx","avatar_url":"https://avatars1.githubusercontent.com/u/16066361?v=4","gravatar_id":"","url":"https://api.github.com/users/apisart","html_url":"https://github.com/apisart","followers_url":"https://api.github.com/users/apisart/followers","following_url":"https://api.github.com/users/apisart/following{/other_user}","gists_url":"https://api.github.com/users/apisart/gists{/gist_id}","starred_url":"https://api.github.com/users/apisart/starred{/owner}{/repo}","subscriptions_url":"https://api.github.com/users/apisart/subscriptions","organizations_url":"https://api.github.com/users/apisart/orgs","repos_url":"https://api.github.com/users/apisart/repos","events_url":"https://api.github.com/users/apisart/events{/privacy}","received_events_url":"https://api.github.com/users/apisart/received_events","type":"User","site_admin":false,"name":"Apisart Chanpuang","company":null,"blog":"","location":null,"email":"c.apisart@gmail.com","hireable":null,"bio":null,"twitter_username":null,"public_repos":2,"public_gists":0,"followers":0,"following":0,"created_at":"2015-11-29T07:46:35Z","updated_at":"2020-12-29T11:15:36Z","private_gists":0,"total_private_repos":2,"owned_private_repos":1,"disk_usage":7,"collaborators":0,"two_factor_authentication":false,"plan":{"name":"free","space":976562499,"collaborators":0,"private_repos":10000}}
[info] 
[info] +  Success! Logged into GitHub as apisart 
[info] 
